# JRE version: OpenJDK Runtime Environment (21.0.5) (build 21.0.5+-12932927-b750.29)
# Java VM: OpenJDK 64-Bit Server VM (21.0.5+-12932927-b750.29, mixed mode, tiered, compressed oops, compressed class ptrs, g1 gc, windows-amd64)
GC Precious Log:
 CardTable entry size: 512
 Card Set container configuration: InlinePtr #cards 5 size 8 Array Of Cards #cards 12 size 40 Howl #buckets 4 coarsen threshold 1843 Howl Bitmap #cards 512 size 80 coarsen threshold 460 Card regions per heap region 1 cards per card region 2048
 CPUs: 8 total, 8 available
 Memory: 16159M
 Large Page Support: Disabled
 NUMA Support: Disabled
 Compressed Oops: Enabled (32-bit)
 Heap Region Size: 1M
 Heap Min Capacity: 8M
 Heap Initial Capacity: 254M
 Heap Max Capacity: 2G
 Pre-touch: Disabled
 Parallel Workers: 8
 Concurrent Workers: 2
 Concurrent Refinement Workers: 8
 Periodic GC: Disabled
Heap:
 garbage-first heap   total 138240K, used 106091K [0x0000000080000000, 0x0000000100000000)
  region size 1024K, 3 young (3072K), 3 survivors (3072K)
 Metaspace       used 58242K, committed 59776K, reserved 1114112K
  class space    used 7925K, committed 8704K, reserved 1048576K
GC Heap History (20 events):
Event: 8.337 GC heap after
{Heap after GC invocations=11 (full 0):
 garbage-first heap   total 82944K, used 44274K [0x0000000080000000, 0x0000000100000000)
  region size 1024K, 4 young (4096K), 4 survivors (4096K)
 Metaspace       used 42892K, committed 44160K, reserved 1114112K
  class space    used 5962K, committed 6592K, reserved 1048576K
}
Event: 8.723 GC heap before
{Heap before GC invocations=11 (full 0):
 garbage-first heap   total 82944K, used 71922K [0x0000000080000000, 0x0000000100000000)
  region size 1024K, 32 young (32768K), 4 survivors (4096K)
 Metaspace       used 48977K, committed 50304K, reserved 1114112K
  class space    used 6634K, committed 7296K, reserved 1048576K
}
Event: 8.728 GC heap after
{Heap after GC invocations=12 (full 0):
 garbage-first heap   total 82944K, used 47576K [0x0000000080000000, 0x0000000100000000)
  region size 1024K, 4 young (4096K), 4 survivors (4096K)
 Metaspace       used 48977K, committed 50304K, reserved 1114112K
  class space    used 6634K, committed 7296K, reserved 1048576K
}
Event: 8.915 GC heap before
{Heap before GC invocations=13 (full 0):
 garbage-first heap   total 82944K, used 72152K [0x0000000080000000, 0x0000000100000000)
  region size 1024K, 29 young (29696K), 4 survivors (4096K)
 Metaspace       used 49593K, committed 50944K, reserved 1114112K
  class space    used 6703K, committed 7360K, reserved 1048576K
}
Event: 8.920 GC heap after
{Heap after GC invocations=14 (full 0):
 garbage-first heap   total 82944K, used 50369K [0x0000000080000000, 0x0000000100000000)
  region size 1024K, 3 young (3072K), 3 survivors (3072K)
 Metaspace       used 49593K, committed 50944K, reserved 1114112K
  class space    used 6703K, committed 7360K, reserved 1048576K
}
Event: 9.297 GC heap before
{Heap before GC invocations=14 (full 0):
 garbage-first heap   total 82944K, used 78017K [0x0000000080000000, 0x0000000100000000)
  region size 1024K, 26 young (26624K), 3 survivors (3072K)
 Metaspace       used 53130K, committed 54528K, reserved 1114112K
  class space    used 7130K, committed 7808K, reserved 1048576K
}
Event: 9.300 GC heap after
{Heap after GC invocations=15 (full 0):
 garbage-first heap   total 104448K, used 51749K [0x0000000080000000, 0x0000000100000000)
  region size 1024K, 2 young (2048K), 2 survivors (2048K)
 Metaspace       used 53130K, committed 54528K, reserved 1114112K
  class space    used 7130K, committed 7808K, reserved 1048576K
}
Event: 10.591 GC heap before
{Heap before GC invocations=15 (full 0):
 garbage-first heap   total 104448K, used 79397K [0x0000000080000000, 0x0000000100000000)
  region size 1024K, 30 young (30720K), 2 survivors (2048K)
 Metaspace       used 56249K, committed 57792K, reserved 1114112K
  class space    used 7655K, committed 8448K, reserved 1048576K
}
Event: 10.594 GC heap after
{Heap after GC invocations=16 (full 0):
 garbage-first heap   total 104448K, used 53214K [0x0000000080000000, 0x0000000100000000)
  region size 1024K, 4 young (4096K), 4 survivors (4096K)
 Metaspace       used 56249K, committed 57792K, reserved 1114112K
  class space    used 7655K, committed 8448K, reserved 1048576K
}
Event: 10.862 GC heap before
{Heap before GC invocations=17 (full 0):
 garbage-first heap   total 104448K, used 93150K [0x0000000080000000, 0x0000000100000000)
  region size 1024K, 42 young (43008K), 4 survivors (4096K)
 Metaspace       used 57695K, committed 59264K, reserved 1114112K
  class space    used 7884K, committed 8640K, reserved 1048576K
}
Event: 10.869 GC heap after
{Heap after GC invocations=18 (full 0):
 garbage-first heap   total 106496K, used 62499K [0x0000000080000000, 0x0000000100000000)
  region size 1024K, 6 young (6144K), 6 survivors (6144K)
 Metaspace       used 57695K, committed 59264K, reserved 1114112K
  class space    used 7884K, committed 8640K, reserved 1048576K
}
Event: 10.976 GC heap before
{Heap before GC invocations=18 (full 0):
 garbage-first heap   total 106496K, used 92195K [0x0000000080000000, 0x0000000100000000)
  region size 1024K, 36 young (36864K), 6 survivors (6144K)
 Metaspace       used 58122K, committed 59712K, reserved 1114112K
  class space    used 7925K, committed 8704K, reserved 1048576K
}
Event: 10.989 GC heap after
{Heap after GC invocations=19 (full 0):
 garbage-first heap   total 113664K, used 74353K [0x0000000080000000, 0x0000000100000000)
  region size 1024K, 5 young (5120K), 5 survivors (5120K)
 Metaspace       used 58122K, committed 59712K, reserved 1114112K
  class space    used 7925K, committed 8704K, reserved 1048576K
}
Event: 11.058 GC heap before
{Heap before GC invocations=19 (full 0):
 garbage-first heap   total 113664K, used 91761K [0x0000000080000000, 0x0000000100000000)
  region size 1024K, 24 young (24576K), 5 survivors (5120K)
 Metaspace       used 58168K, committed 59712K, reserved 1114112K
  class space    used 7925K, committed 8704K, reserved 1048576K
}
Event: 11.065 GC heap after
{Heap after GC invocations=20 (full 0):
 garbage-first heap   total 113664K, used 80517K [0x0000000080000000, 0x0000000100000000)
  region size 1024K, 4 young (4096K), 4 survivors (4096K)
 Metaspace       used 58168K, committed 59712K, reserved 1114112K
  class space    used 7925K, committed 8704K, reserved 1048576K
}
Event: 11.173 GC heap before
{Heap before GC invocations=21 (full 0):
 garbage-first heap   total 138240K, used 100997K [0x0000000080000000, 0x0000000100000000)
  region size 1024K, 22 young (22528K), 4 survivors (4096K)
 Metaspace       used 58201K, committed 59776K, reserved 1114112K
  class space    used 7925K, committed 8704K, reserved 1048576K
}
Event: 11.182 GC heap after
{Heap after GC invocations=22 (full 0):
 garbage-first heap   total 138240K, used 91102K [0x0000000080000000, 0x0000000100000000)
  region size 1024K, 3 young (3072K), 3 survivors (3072K)
 Metaspace       used 58201K, committed 59776K, reserved 1114112K
  class space    used 7925K, committed 8704K, reserved 1048576K
}
Event: 11.275 GC heap before
{Heap before GC invocations=22 (full 0):
 garbage-first heap   total 138240K, used 114654K [0x0000000080000000, 0x0000000100000000)
  region size 1024K, 27 young (27648K), 3 survivors (3072K)
 Metaspace       used 58234K, committed 59776K, reserved 1114112K
  class space    used 7925K, committed 8704K, reserved 1048576K
}
Event: 11.285 GC heap after
{Heap after GC invocations=23 (full 0):
 garbage-first heap   total 138240K, used 99786K [0x0000000080000000, 0x0000000100000000)
  region size 1024K, 4 young (4096K), 4 survivors (4096K)
 Metaspace       used 58234K, committed 59776K, reserved 1114112K
  class space    used 7925K, committed 8704K, reserved 1048576K
}
Event: 11.315 GC heap before
{Heap before GC invocations=23 (full 0):
 garbage-first heap   total 138240K, used 110026K [0x0000000080000000, 0x0000000100000000)
  region size 1024K, 15 young (15360K), 4 survivors (4096K)
 Metaspace       used 58242K, committed 59776K, reserved 1114112K
  class space    used 7925K, committed 8704K, reserved 1048576K
}

