# JRE version: OpenJDK Runtime Environment (21.0.5) (build 21.0.5+-12932927-b750.29)
# Java VM: OpenJDK 64-Bit Server VM (21.0.5+-12932927-b750.29, mixed mode, tiered, compressed oops, compressed class ptrs, g1 gc, windows-amd64)
GC Precious Log:
 CardTable entry size: 512
 Card Set container configuration: InlinePtr #cards 5 size 8 Array Of Cards #cards 12 size 40 Howl #buckets 4 coarsen threshold 1843 Howl Bitmap #cards 512 size 80 coarsen threshold 460 Card regions per heap region 1 cards per card region 2048
 CPUs: 8 total, 8 available
 Memory: 16159M
 Large Page Support: Disabled
 NUMA Support: Disabled
 Compressed Oops: Enabled (32-bit)
 Heap Region Size: 1M
 Heap Min Capacity: 8M
 Heap Initial Capacity: 254M
 Heap Max Capacity: 2G
 Pre-touch: Disabled
 Parallel Workers: 8
 Concurrent Workers: 2
 Concurrent Refinement Workers: 8
 Periodic GC: Disabled
Heap:
 garbage-first heap   total 475136K, used 192510K [0x0000000080000000, 0x0000000100000000)
  region size 1024K, 9 young (9216K), 3 survivors (3072K)
 Metaspace       used 65023K, committed 66560K, reserved 1114112K
  class space    used 8743K, committed 9472K, reserved 1048576K
GC Heap History (20 events):
Event: 14.146 GC heap after
{Heap after GC invocations=40 (full 0):
 garbage-first heap   total 195584K, used 82428K [0x0000000080000000, 0x0000000100000000)
  region size 1024K, 8 young (8192K), 8 survivors (8192K)
 Metaspace       used 64067K, committed 65600K, reserved 1114112K
  class space    used 8679K, committed 9408K, reserved 1048576K
}
Event: 14.585 GC heap before
{Heap before GC invocations=41 (full 0):
 garbage-first heap   total 195584K, used 177660K [0x0000000080000000, 0x0000000100000000)
  region size 1024K, 99 young (101376K), 8 survivors (8192K)
 Metaspace       used 64218K, committed 65728K, reserved 1114112K
  class space    used 8700K, committed 9408K, reserved 1048576K
}
Event: 14.586 GC heap after
{Heap after GC invocations=42 (full 0):
 garbage-first heap   total 195584K, used 76098K [0x0000000080000000, 0x0000000100000000)
  region size 1024K, 2 young (2048K), 2 survivors (2048K)
 Metaspace       used 64218K, committed 65728K, reserved 1114112K
  class space    used 8700K, committed 9408K, reserved 1048576K
}
Event: 14.754 GC heap before
{Heap before GC invocations=42 (full 0):
 garbage-first heap   total 195584K, used 181570K [0x0000000080000000, 0x0000000100000000)
  region size 1024K, 105 young (107520K), 2 survivors (2048K)
 Metaspace       used 64219K, committed 65728K, reserved 1114112K
  class space    used 8701K, committed 9408K, reserved 1048576K
}
Event: 14.757 GC heap after
{Heap after GC invocations=43 (full 0):
 garbage-first heap   total 195584K, used 76639K [0x0000000080000000, 0x0000000100000000)
  region size 1024K, 3 young (3072K), 3 survivors (3072K)
 Metaspace       used 64219K, committed 65728K, reserved 1114112K
  class space    used 8701K, committed 9408K, reserved 1048576K
}
Event: 14.829 GC heap before
{Heap before GC invocations=43 (full 0):
 garbage-first heap   total 195584K, used 113503K [0x0000000080000000, 0x0000000100000000)
  region size 1024K, 40 young (40960K), 3 survivors (3072K)
 Metaspace       used 64255K, committed 65728K, reserved 1114112K
  class space    used 8704K, committed 9408K, reserved 1048576K
}
Event: 14.830 GC heap after
{Heap after GC invocations=44 (full 0):
 garbage-first heap   total 235520K, used 72324K [0x0000000080000000, 0x0000000100000000)
  region size 1024K, 1 young (1024K), 1 survivors (1024K)
 Metaspace       used 64255K, committed 65728K, reserved 1114112K
  class space    used 8704K, committed 9408K, reserved 1048576K
}
Event: 15.274 GC heap before
{Heap before GC invocations=45 (full 0):
 garbage-first heap   total 235520K, used 214660K [0x0000000080000000, 0x0000000100000000)
  region size 1024K, 138 young (141312K), 1 survivors (1024K)
 Metaspace       used 64719K, committed 66240K, reserved 1114112K
  class space    used 8750K, committed 9472K, reserved 1048576K
}
Event: 15.278 GC heap after
{Heap after GC invocations=46 (full 0):
 garbage-first heap   total 235520K, used 78750K [0x0000000080000000, 0x0000000100000000)
  region size 1024K, 5 young (5120K), 5 survivors (5120K)
 Metaspace       used 64719K, committed 66240K, reserved 1114112K
  class space    used 8750K, committed 9472K, reserved 1048576K
}
Event: 15.509 GC heap before
{Heap before GC invocations=46 (full 0):
 garbage-first heap   total 235520K, used 220062K [0x0000000080000000, 0x0000000100000000)
  region size 1024K, 138 young (141312K), 5 survivors (5120K)
 Metaspace       used 64755K, committed 66304K, reserved 1114112K
  class space    used 8750K, committed 9472K, reserved 1048576K
}
Event: 15.515 GC heap after
{Heap after GC invocations=47 (full 0):
 garbage-first heap   total 235520K, used 91325K [0x0000000080000000, 0x0000000100000000)
  region size 1024K, 12 young (12288K), 12 survivors (12288K)
 Metaspace       used 64755K, committed 66304K, reserved 1114112K
  class space    used 8750K, committed 9472K, reserved 1048576K
}
Event: 15.694 GC heap before
{Heap before GC invocations=47 (full 0):
 garbage-first heap   total 235520K, used 210109K [0x0000000080000000, 0x0000000100000000)
  region size 1024K, 128 young (131072K), 12 survivors (12288K)
 Metaspace       used 64758K, committed 66304K, reserved 1114112K
  class space    used 8750K, committed 9472K, reserved 1048576K
}
Event: 15.700 GC heap after
{Heap after GC invocations=48 (full 0):
 garbage-first heap   total 235520K, used 97020K [0x0000000080000000, 0x0000000100000000)
  region size 1024K, 13 young (13312K), 13 survivors (13312K)
 Metaspace       used 64758K, committed 66304K, reserved 1114112K
  class space    used 8750K, committed 9472K, reserved 1048576K
}
Event: 15.899 GC heap before
{Heap before GC invocations=49 (full 0):
 garbage-first heap   total 235520K, used 211708K [0x0000000080000000, 0x0000000100000000)
  region size 1024K, 123 young (125952K), 13 survivors (13312K)
 Metaspace       used 64759K, committed 66304K, reserved 1114112K
  class space    used 8750K, committed 9472K, reserved 1048576K
}
Event: 15.913 GC heap after
{Heap after GC invocations=50 (full 0):
 garbage-first heap   total 245760K, used 112939K [0x0000000080000000, 0x0000000100000000)
  region size 1024K, 16 young (16384K), 16 survivors (16384K)
 Metaspace       used 64759K, committed 66304K, reserved 1114112K
  class space    used 8750K, committed 9472K, reserved 1048576K
}
Event: 16.194 GC heap before
{Heap before GC invocations=50 (full 0):
 garbage-first heap   total 245760K, used 220459K [0x0000000080000000, 0x0000000100000000)
  region size 1024K, 117 young (119808K), 16 survivors (16384K)
 Metaspace       used 64929K, committed 66432K, reserved 1114112K
  class space    used 8751K, committed 9472K, reserved 1048576K
}
Event: 16.232 GC heap after
{Heap after GC invocations=51 (full 0):
 garbage-first heap   total 291840K, used 169472K [0x0000000080000000, 0x0000000100000000)
  region size 1024K, 15 young (15360K), 15 survivors (15360K)
 Metaspace       used 64929K, committed 66432K, reserved 1114112K
  class space    used 8751K, committed 9472K, reserved 1048576K
}
Event: 16.242 GC heap before
{Heap before GC invocations=51 (full 0):
 garbage-first heap   total 291840K, used 177664K [0x0000000080000000, 0x0000000100000000)
  region size 1024K, 25 young (25600K), 15 survivors (15360K)
 Metaspace       used 64931K, committed 66432K, reserved 1114112K
  class space    used 8751K, committed 9472K, reserved 1048576K
}
Event: 16.253 GC heap after
{Heap after GC invocations=52 (full 0):
 garbage-first heap   total 291840K, used 174067K [0x0000000080000000, 0x0000000100000000)
  region size 1024K, 4 young (4096K), 4 survivors (4096K)
 Metaspace       used 64931K, committed 66432K, reserved 1114112K
  class space    used 8751K, committed 9472K, reserved 1048576K
}
Event: 16.427 GC heap before
{Heap before GC invocations=52 (full 0):
 garbage-first heap   total 291840K, used 238579K [0x0000000080000000, 0x0000000100000000)
  region size 1024K, 73 young (74752K), 4 survivors (4096K)
 Metaspace       used 64992K, committed 66496K, reserved 1114112K
  class space    used 8743K, committed 9472K, reserved 1048576K
}

