# JRE version: OpenJDK Runtime Environment (21.0.5) (build 21.0.5+-12932927-b750.29)
# Java VM: OpenJDK 64-Bit Server VM (21.0.5+-12932927-b750.29, mixed mode, tiered, compressed oops, compressed class ptrs, g1 gc, windows-amd64)
GC Precious Log:
 CardTable entry size: 512
 Card Set container configuration: InlinePtr #cards 5 size 8 Array Of Cards #cards 12 size 40 Howl #buckets 4 coarsen threshold 1843 Howl Bitmap #cards 512 size 80 coarsen threshold 460 Card regions per heap region 1 cards per card region 2048
 CPUs: 8 total, 8 available
 Memory: 16159M
 Large Page Support: Disabled
 NUMA Support: Disabled
 Compressed Oops: Enabled (32-bit)
 Heap Region Size: 1M
 Heap Min Capacity: 8M
 Heap Initial Capacity: 254M
 Heap Max Capacity: 2G
 Pre-touch: Disabled
 Parallel Workers: 8
 Concurrent Workers: 2
 Concurrent Refinement Workers: 8
 Periodic GC: Disabled
Heap:
 garbage-first heap   total 267264K, used 164864K [0x0000000080000000, 0x0000000100000000)
  region size 1024K, 14 young (14336K), 13 survivors (13312K)
 Metaspace       used 122539K, committed 124736K, reserved 1179648K
  class space    used 16064K, committed 17152K, reserved 1048576K
GC Heap History (20 events):
Event: 15.836 GC heap before
{Heap before GC invocations=39 (full 0):
 garbage-first heap   total 190464K, used 153881K [0x0000000080000000, 0x0000000100000000)
  region size 1024K, 45 young (46080K), 8 survivors (8192K)
 Metaspace       used 100378K, committed 102336K, reserved 1179648K
  class space    used 13609K, committed 14592K, reserved 1048576K
}
Event: 15.843 GC heap after
{Heap after GC invocations=40 (full 0):
 garbage-first heap   total 190464K, used 121917K [0x0000000080000000, 0x0000000100000000)
  region size 1024K, 5 young (5120K), 5 survivors (5120K)
 Metaspace       used 100378K, committed 102336K, reserved 1179648K
  class space    used 13609K, committed 14592K, reserved 1048576K
}
Event: 16.036 GC heap before
{Heap before GC invocations=40 (full 0):
 garbage-first heap   total 190464K, used 141373K [0x0000000080000000, 0x0000000100000000)
  region size 1024K, 20 young (20480K), 5 survivors (5120K)
 Metaspace       used 100558K, committed 102592K, reserved 1179648K
  class space    used 13625K, committed 14656K, reserved 1048576K
}
Event: 16.041 GC heap after
{Heap after GC invocations=41 (full 0):
 garbage-first heap   total 190464K, used 128512K [0x0000000080000000, 0x0000000100000000)
  region size 1024K, 6 young (6144K), 6 survivors (6144K)
 Metaspace       used 100558K, committed 102592K, reserved 1179648K
  class space    used 13625K, committed 14656K, reserved 1048576K
}
Event: 16.386 GC heap before
{Heap before GC invocations=42 (full 0):
 garbage-first heap   total 220160K, used 188928K [0x0000000080000000, 0x0000000100000000)
  region size 1024K, 39 young (39936K), 6 survivors (6144K)
 Metaspace       used 100908K, committed 102976K, reserved 1179648K
  class space    used 13661K, committed 14656K, reserved 1048576K
}
Event: 16.390 GC heap after
{Heap after GC invocations=43 (full 0):
 garbage-first heap   total 220160K, used 128532K [0x0000000080000000, 0x0000000100000000)
  region size 1024K, 3 young (3072K), 3 survivors (3072K)
 Metaspace       used 100908K, committed 102976K, reserved 1179648K
  class space    used 13661K, committed 14656K, reserved 1048576K
}
Event: 16.700 GC heap before
{Heap before GC invocations=43 (full 0):
 garbage-first heap   total 220160K, used 187924K [0x0000000080000000, 0x0000000100000000)
  region size 1024K, 62 young (63488K), 3 survivors (3072K)
 Metaspace       used 103821K, committed 105856K, reserved 1179648K
  class space    used 13928K, committed 14976K, reserved 1048576K
}
Event: 16.705 GC heap after
{Heap after GC invocations=44 (full 0):
 garbage-first heap   total 264192K, used 131191K [0x0000000080000000, 0x0000000100000000)
  region size 1024K, 7 young (7168K), 7 survivors (7168K)
 Metaspace       used 103821K, committed 105856K, reserved 1179648K
  class space    used 13928K, committed 14976K, reserved 1048576K
}
Event: 17.095 GC heap before
{Heap before GC invocations=44 (full 0):
 garbage-first heap   total 264192K, used 212087K [0x0000000080000000, 0x0000000100000000)
  region size 1024K, 87 young (89088K), 7 survivors (7168K)
 Metaspace       used 104845K, committed 107008K, reserved 1179648K
  class space    used 14025K, committed 15104K, reserved 1048576K
}
Event: 17.102 GC heap after
{Heap after GC invocations=45 (full 0):
 garbage-first heap   total 264192K, used 138207K [0x0000000080000000, 0x0000000100000000)
  region size 1024K, 11 young (11264K), 11 survivors (11264K)
 Metaspace       used 104845K, committed 107008K, reserved 1179648K
  class space    used 14025K, committed 15104K, reserved 1048576K
}
Event: 17.403 GC heap before
{Heap before GC invocations=45 (full 0):
 garbage-first heap   total 264192K, used 228319K [0x0000000080000000, 0x0000000100000000)
  region size 1024K, 100 young (102400K), 11 survivors (11264K)
 Metaspace       used 106617K, committed 108736K, reserved 1179648K
  class space    used 14185K, committed 15232K, reserved 1048576K
}
Event: 17.412 GC heap after
{Heap after GC invocations=46 (full 0):
 garbage-first heap   total 264192K, used 147040K [0x0000000080000000, 0x0000000100000000)
  region size 1024K, 11 young (11264K), 11 survivors (11264K)
 Metaspace       used 106617K, committed 108736K, reserved 1179648K
  class space    used 14185K, committed 15232K, reserved 1048576K
}
Event: 17.903 GC heap before
{Heap before GC invocations=46 (full 0):
 garbage-first heap   total 264192K, used 234080K [0x0000000080000000, 0x0000000100000000)
  region size 1024K, 95 young (97280K), 11 survivors (11264K)
 Metaspace       used 108782K, committed 110848K, reserved 1179648K
  class space    used 14445K, committed 15488K, reserved 1048576K
}
Event: 17.910 GC heap after
{Heap after GC invocations=47 (full 0):
 garbage-first heap   total 264192K, used 151783K [0x0000000080000000, 0x0000000100000000)
  region size 1024K, 8 young (8192K), 8 survivors (8192K)
 Metaspace       used 108782K, committed 110848K, reserved 1179648K
  class space    used 14445K, committed 15488K, reserved 1048576K
}
Event: 26.049 GC heap before
{Heap before GC invocations=47 (full 0):
 garbage-first heap   total 264192K, used 235751K [0x0000000080000000, 0x0000000100000000)
  region size 1024K, 91 young (93184K), 8 survivors (8192K)
 Metaspace       used 111950K, committed 114112K, reserved 1179648K
  class space    used 14827K, committed 15936K, reserved 1048576K
}
Event: 26.056 GC heap after
{Heap after GC invocations=48 (full 0):
 garbage-first heap   total 264192K, used 157400K [0x0000000080000000, 0x0000000100000000)
  region size 1024K, 12 young (12288K), 12 survivors (12288K)
 Metaspace       used 111950K, committed 114112K, reserved 1179648K
  class space    used 14827K, committed 15936K, reserved 1048576K
}
Event: 26.504 GC heap before
{Heap before GC invocations=49 (full 0):
 garbage-first heap   total 264192K, used 218840K [0x0000000080000000, 0x0000000100000000)
  region size 1024K, 90 young (92160K), 12 survivors (12288K)
 Metaspace       used 113419K, committed 115584K, reserved 1179648K
  class space    used 14998K, committed 16064K, reserved 1048576K
}
Event: 26.516 GC heap after
{Heap after GC invocations=50 (full 0):
 garbage-first heap   total 264192K, used 150435K [0x0000000080000000, 0x0000000100000000)
  region size 1024K, 11 young (11264K), 11 survivors (11264K)
 Metaspace       used 113419K, committed 115584K, reserved 1179648K
  class space    used 14998K, committed 16064K, reserved 1048576K
}
Event: 30.005 GC heap before
{Heap before GC invocations=50 (full 0):
 garbage-first heap   total 264192K, used 239523K [0x0000000080000000, 0x0000000100000000)
  region size 1024K, 95 young (97280K), 11 survivors (11264K)
 Metaspace       used 120945K, committed 123136K, reserved 1179648K
  class space    used 15941K, committed 17024K, reserved 1048576K
}
Event: 30.018 GC heap after
{Heap after GC invocations=51 (full 0):
 garbage-first heap   total 266240K, used 145408K [0x0000000080000000, 0x0000000100000000)
  region size 1024K, 12 young (12288K), 12 survivors (12288K)
 Metaspace       used 120945K, committed 123136K, reserved 1179648K
  class space    used 15941K, committed 17024K, reserved 1048576K
}

