# JRE version: OpenJDK Runtime Environment (21.0.5) (build 21.0.5+-12932927-b750.29)
# Java VM: OpenJDK 64-Bit Server VM (21.0.5+-12932927-b750.29, mixed mode, tiered, compressed oops, compressed class ptrs, g1 gc, windows-amd64)
GC Precious Log:
 CardTable entry size: 512
 Card Set container configuration: InlinePtr #cards 5 size 8 Array Of Cards #cards 12 size 40 Howl #buckets 4 coarsen threshold 1843 Howl Bitmap #cards 512 size 80 coarsen threshold 460 Card regions per heap region 1 cards per card region 2048
 CPUs: 8 total, 8 available
 Memory: 16159M
 Large Page Support: Disabled
 NUMA Support: Disabled
 Compressed Oops: Enabled (32-bit)
 Heap Region Size: 1M
 Heap Min Capacity: 8M
 Heap Initial Capacity: 254M
 Heap Max Capacity: 2G
 Pre-touch: Disabled
 Parallel Workers: 8
 Concurrent Workers: 2
 Concurrent Refinement Workers: 8
 Periodic GC: Disabled
Heap:
 garbage-first heap   total 301056K, used 186149K [0x0000000080000000, 0x0000000100000000)
  region size 1024K, 68 young (69632K), 10 survivors (10240K)
 Metaspace       used 121048K, committed 123264K, reserved 1179648K
  class space    used 15856K, committed 17024K, reserved 1048576K
GC Heap History (20 events):
Event: 22.327 GC heap before
{Heap before GC invocations=37 (full 0):
 garbage-first heap   total 202752K, used 160705K [0x0000000080000000, 0x0000000100000000)
  region size 1024K, 39 young (39936K), 8 survivors (8192K)
 Metaspace       used 105980K, committed 108096K, reserved 1179648K
  class space    used 14252K, committed 15296K, reserved 1048576K
}
Event: 22.335 GC heap after
{Heap after GC invocations=38 (full 0):
 garbage-first heap   total 202752K, used 139264K [0x0000000080000000, 0x0000000100000000)
  region size 1024K, 7 young (7168K), 7 survivors (7168K)
 Metaspace       used 105980K, committed 108096K, reserved 1179648K
  class space    used 14252K, committed 15296K, reserved 1048576K
}
Event: 22.735 GC heap before
{Heap before GC invocations=39 (full 0):
 garbage-first heap   total 244736K, used 182272K [0x0000000080000000, 0x0000000100000000)
  region size 1024K, 42 young (43008K), 7 survivors (7168K)
 Metaspace       used 106199K, committed 108352K, reserved 1179648K
  class space    used 14269K, committed 15296K, reserved 1048576K
}
Event: 22.743 GC heap after
{Heap after GC invocations=40 (full 0):
 garbage-first heap   total 244736K, used 145648K [0x0000000080000000, 0x0000000100000000)
  region size 1024K, 6 young (6144K), 6 survivors (6144K)
 Metaspace       used 106199K, committed 108352K, reserved 1179648K
  class space    used 14269K, committed 15296K, reserved 1048576K
}
Event: 23.088 GC heap before
{Heap before GC invocations=40 (full 0):
 garbage-first heap   total 244736K, used 229616K [0x0000000080000000, 0x0000000100000000)
  region size 1024K, 64 young (65536K), 6 survivors (6144K)
 Metaspace       used 106660K, committed 108864K, reserved 1179648K
  class space    used 14300K, committed 15360K, reserved 1048576K
}
Event: 23.096 GC heap after
{Heap after GC invocations=41 (full 0):
 garbage-first heap   total 299008K, used 152129K [0x0000000080000000, 0x0000000100000000)
  region size 1024K, 8 young (8192K), 8 survivors (8192K)
 Metaspace       used 106660K, committed 108864K, reserved 1179648K
  class space    used 14300K, committed 15360K, reserved 1048576K
}
Event: 23.519 GC heap before
{Heap before GC invocations=41 (full 0):
 garbage-first heap   total 299008K, used 241217K [0x0000000080000000, 0x0000000100000000)
  region size 1024K, 96 young (98304K), 8 survivors (8192K)
 Metaspace       used 110263K, committed 112512K, reserved 1179648K
  class space    used 14613K, committed 15744K, reserved 1048576K
}
Event: 23.527 GC heap after
{Heap after GC invocations=42 (full 0):
 garbage-first heap   total 299008K, used 168514K [0x0000000080000000, 0x0000000100000000)
  region size 1024K, 12 young (12288K), 12 survivors (12288K)
 Metaspace       used 110263K, committed 112512K, reserved 1179648K
  class space    used 14613K, committed 15744K, reserved 1048576K
}
Event: 23.867 GC heap before
{Heap before GC invocations=43 (full 0):
 garbage-first heap   total 299008K, used 247362K [0x0000000080000000, 0x0000000100000000)
  region size 1024K, 89 young (91136K), 12 survivors (12288K)
 Metaspace       used 111130K, committed 113344K, reserved 1179648K
  class space    used 14694K, committed 15808K, reserved 1048576K
}
Event: 23.874 GC heap after
{Heap after GC invocations=44 (full 0):
 garbage-first heap   total 299008K, used 175081K [0x0000000080000000, 0x0000000100000000)
  region size 1024K, 6 young (6144K), 6 survivors (6144K)
 Metaspace       used 111130K, committed 113344K, reserved 1179648K
  class space    used 14694K, committed 15808K, reserved 1048576K
}
Event: 24.356 GC heap before
{Heap before GC invocations=44 (full 0):
 garbage-first heap   total 299008K, used 289769K [0x0000000080000000, 0x0000000100000000)
  region size 1024K, 85 young (87040K), 6 survivors (6144K)
 Metaspace       used 111491K, committed 113664K, reserved 1179648K
  class space    used 14707K, committed 15808K, reserved 1048576K
}
Event: 24.361 GC heap after
{Heap after GC invocations=45 (full 0):
 garbage-first heap   total 301056K, used 154905K [0x0000000080000000, 0x0000000100000000)
  region size 1024K, 4 young (4096K), 4 survivors (4096K)
 Metaspace       used 111491K, committed 113664K, reserved 1179648K
  class space    used 14707K, committed 15808K, reserved 1048576K
}
Event: 24.607 GC heap before
{Heap before GC invocations=45 (full 0):
 garbage-first heap   total 301056K, used 193817K [0x0000000080000000, 0x0000000100000000)
  region size 1024K, 44 young (45056K), 4 survivors (4096K)
 Metaspace       used 112343K, committed 114496K, reserved 1179648K
  class space    used 14801K, committed 15872K, reserved 1048576K
}
Event: 24.611 GC heap after
{Heap after GC invocations=46 (full 0):
 garbage-first heap   total 301056K, used 157800K [0x0000000080000000, 0x0000000100000000)
  region size 1024K, 7 young (7168K), 7 survivors (7168K)
 Metaspace       used 112343K, committed 114496K, reserved 1179648K
  class space    used 14801K, committed 15872K, reserved 1048576K
}
Event: 25.527 GC heap before
{Heap before GC invocations=47 (full 0):
 garbage-first heap   total 301056K, used 250703K [0x0000000080000000, 0x0000000100000000)
  region size 1024K, 105 young (107520K), 7 survivors (7168K)
 Metaspace       used 117454K, committed 119616K, reserved 1179648K
  class space    used 15438K, committed 16512K, reserved 1048576K
}
Event: 25.534 GC heap after
{Heap after GC invocations=48 (full 0):
 garbage-first heap   total 301056K, used 153569K [0x0000000080000000, 0x0000000100000000)
  region size 1024K, 11 young (11264K), 11 survivors (11264K)
 Metaspace       used 117454K, committed 119616K, reserved 1179648K
  class space    used 15438K, committed 16512K, reserved 1048576K
}
Event: 26.633 GC heap before
{Heap before GC invocations=48 (full 0):
 garbage-first heap   total 301056K, used 268257K [0x0000000080000000, 0x0000000100000000)
  region size 1024K, 123 young (125952K), 11 survivors (11264K)
 Metaspace       used 119064K, committed 121216K, reserved 1179648K
  class space    used 15623K, committed 16704K, reserved 1048576K
}
Event: 26.642 GC heap after
{Heap after GC invocations=49 (full 0):
 garbage-first heap   total 301056K, used 131573K [0x0000000080000000, 0x0000000100000000)
  region size 1024K, 15 young (15360K), 15 survivors (15360K)
 Metaspace       used 119064K, committed 121216K, reserved 1179648K
  class space    used 15623K, committed 16704K, reserved 1048576K
}
Event: 27.145 GC heap before
{Heap before GC invocations=49 (full 0):
 garbage-first heap   total 301056K, used 263669K [0x0000000080000000, 0x0000000100000000)
  region size 1024K, 145 young (148480K), 15 survivors (15360K)
 Metaspace       used 120308K, committed 122496K, reserved 1179648K
  class space    used 15761K, committed 16832K, reserved 1048576K
}
Event: 27.153 GC heap after
{Heap after GC invocations=50 (full 0):
 garbage-first heap   total 301056K, used 128805K [0x0000000080000000, 0x0000000100000000)
  region size 1024K, 10 young (10240K), 10 survivors (10240K)
 Metaspace       used 120308K, committed 122496K, reserved 1179648K
  class space    used 15761K, committed 16832K, reserved 1048576K
}

