# JRE version: OpenJDK Runtime Environment (21.0.5) (build 21.0.5+-12932927-b750.29)
# Java VM: OpenJDK 64-Bit Server VM (21.0.5+-12932927-b750.29, mixed mode, tiered, compressed oops, compressed class ptrs, g1 gc, windows-amd64)
GC Precious Log:
 CardTable entry size: 512
 Card Set container configuration: InlinePtr #cards 5 size 8 Array Of Cards #cards 12 size 40 Howl #buckets 4 coarsen threshold 1843 Howl Bitmap #cards 512 size 80 coarsen threshold 460 Card regions per heap region 1 cards per card region 2048
 CPUs: 8 total, 8 available
 Memory: 16159M
 Large Page Support: Disabled
 NUMA Support: Disabled
 Compressed Oops: Enabled (32-bit)
 Heap Region Size: 1M
 Heap Min Capacity: 8M
 Heap Initial Capacity: 254M
 Heap Max Capacity: 2G
 Pre-touch: Disabled
 Parallel Workers: 8
 Concurrent Workers: 2
 Concurrent Refinement Workers: 8
 Periodic GC: Disabled
Heap:
 garbage-first heap   total 299008K, used 265149K [0x0000000080000000, 0x0000000100000000)
  region size 1024K, 106 young (108544K), 8 survivors (8192K)
 Metaspace       used 125940K, committed 128192K, reserved 1179648K
  class space    used 17159K, committed 18304K, reserved 1048576K
GC Heap History (20 events):
Event: 16.485 GC heap before
{Heap before GC invocations=36 (full 0):
 garbage-first heap   total 187392K, used 168719K [0x0000000080000000, 0x0000000100000000)
  region size 1024K, 72 young (73728K), 8 survivors (8192K)
 Metaspace       used 106212K, committed 108352K, reserved 1179648K
  class space    used 14358K, committed 15424K, reserved 1048576K
}
Event: 16.497 GC heap after
{Heap after GC invocations=37 (full 0):
 garbage-first heap   total 193536K, used 116095K [0x0000000080000000, 0x0000000100000000)
  region size 1024K, 9 young (9216K), 9 survivors (9216K)
 Metaspace       used 106212K, committed 108352K, reserved 1179648K
  class space    used 14358K, committed 15424K, reserved 1048576K
}
Event: 17.025 GC heap before
{Heap before GC invocations=37 (full 0):
 garbage-first heap   total 193536K, used 170367K [0x0000000080000000, 0x0000000100000000)
  region size 1024K, 62 young (63488K), 9 survivors (9216K)
 Metaspace       used 107097K, committed 109184K, reserved 1179648K
  class space    used 14423K, committed 15424K, reserved 1048576K
}
Event: 17.040 GC heap after
{Heap after GC invocations=38 (full 0):
 garbage-first heap   total 193536K, used 129669K [0x0000000080000000, 0x0000000100000000)
  region size 1024K, 8 young (8192K), 8 survivors (8192K)
 Metaspace       used 107097K, committed 109184K, reserved 1179648K
  class space    used 14423K, committed 15424K, reserved 1048576K
}
Event: 17.303 GC heap before
{Heap before GC invocations=39 (full 0):
 garbage-first heap   total 217088K, used 171653K [0x0000000080000000, 0x0000000100000000)
  region size 1024K, 49 young (50176K), 8 survivors (8192K)
 Metaspace       used 107301K, committed 109440K, reserved 1179648K
  class space    used 14436K, committed 15488K, reserved 1048576K
}
Event: 17.313 GC heap after
{Heap after GC invocations=40 (full 0):
 garbage-first heap   total 217088K, used 138240K [0x0000000080000000, 0x0000000100000000)
  region size 1024K, 7 young (7168K), 7 survivors (7168K)
 Metaspace       used 107301K, committed 109440K, reserved 1179648K
  class space    used 14436K, committed 15488K, reserved 1048576K
}
Event: 17.551 GC heap before
{Heap before GC invocations=40 (full 0):
 garbage-first heap   total 217088K, used 190464K [0x0000000080000000, 0x0000000100000000)
  region size 1024K, 58 young (59392K), 7 survivors (7168K)
 Metaspace       used 108003K, committed 110144K, reserved 1179648K
  class space    used 14487K, committed 15552K, reserved 1048576K
}
Event: 17.559 GC heap after
{Heap after GC invocations=41 (full 0):
 garbage-first heap   total 217088K, used 141879K [0x0000000080000000, 0x0000000100000000)
  region size 1024K, 4 young (4096K), 4 survivors (4096K)
 Metaspace       used 108003K, committed 110144K, reserved 1179648K
  class space    used 14487K, committed 15552K, reserved 1048576K
}
Event: 18.400 GC heap before
{Heap before GC invocations=41 (full 0):
 garbage-first heap   total 217088K, used 194103K [0x0000000080000000, 0x0000000100000000)
  region size 1024K, 55 young (56320K), 4 survivors (4096K)
 Metaspace       used 110022K, committed 112064K, reserved 1179648K
  class space    used 14663K, committed 15680K, reserved 1048576K
}
Event: 18.405 GC heap after
{Heap after GC invocations=42 (full 0):
 garbage-first heap   total 217088K, used 142622K [0x0000000080000000, 0x0000000100000000)
  region size 1024K, 5 young (5120K), 5 survivors (5120K)
 Metaspace       used 110022K, committed 112064K, reserved 1179648K
  class space    used 14663K, committed 15680K, reserved 1048576K
}
Event: 19.153 GC heap before
{Heap before GC invocations=43 (full 0):
 garbage-first heap   total 239616K, used 196894K [0x0000000080000000, 0x0000000100000000)
  region size 1024K, 58 young (59392K), 5 survivors (5120K)
 Metaspace       used 110422K, committed 112512K, reserved 1179648K
  class space    used 14672K, committed 15680K, reserved 1048576K
}
Event: 19.161 GC heap after
{Heap after GC invocations=44 (full 0):
 garbage-first heap   total 239616K, used 145155K [0x0000000080000000, 0x0000000100000000)
  region size 1024K, 5 young (5120K), 5 survivors (5120K)
 Metaspace       used 110422K, committed 112512K, reserved 1179648K
  class space    used 14672K, committed 15680K, reserved 1048576K
}
Event: 19.644 GC heap before
{Heap before GC invocations=44 (full 0):
 garbage-first heap   total 239616K, used 217859K [0x0000000080000000, 0x0000000100000000)
  region size 1024K, 76 young (77824K), 5 survivors (5120K)
 Metaspace       used 110945K, committed 112960K, reserved 1179648K
  class space    used 14736K, committed 15744K, reserved 1048576K
}
Event: 19.653 GC heap after
{Heap after GC invocations=45 (full 0):
 garbage-first heap   total 239616K, used 145759K [0x0000000080000000, 0x0000000100000000)
  region size 1024K, 8 young (8192K), 8 survivors (8192K)
 Metaspace       used 110945K, committed 112960K, reserved 1179648K
  class space    used 14736K, committed 15744K, reserved 1048576K
}
Event: 20.211 GC heap before
{Heap before GC invocations=45 (full 0):
 garbage-first heap   total 239616K, used 216415K [0x0000000080000000, 0x0000000100000000)
  region size 1024K, 78 young (79872K), 8 survivors (8192K)
 Metaspace       used 111506K, committed 113600K, reserved 1179648K
  class space    used 14795K, committed 15808K, reserved 1048576K
}
Event: 20.223 GC heap after
{Heap after GC invocations=46 (full 0):
 garbage-first heap   total 299008K, used 155458K [0x0000000080000000, 0x0000000100000000)
  region size 1024K, 10 young (10240K), 10 survivors (10240K)
 Metaspace       used 111506K, committed 113600K, reserved 1179648K
  class space    used 14795K, committed 15808K, reserved 1048576K
}
Event: 21.254 GC heap before
{Heap before GC invocations=47 (full 0):
 garbage-first heap   total 299008K, used 267074K [0x0000000080000000, 0x0000000100000000)
  region size 1024K, 120 young (122880K), 10 survivors (10240K)
 Metaspace       used 111849K, committed 113920K, reserved 1179648K
  class space    used 14854K, committed 15872K, reserved 1048576K
}
Event: 21.267 GC heap after
{Heap after GC invocations=48 (full 0):
 garbage-first heap   total 299008K, used 165871K [0x0000000080000000, 0x0000000100000000)
  region size 1024K, 15 young (15360K), 15 survivors (15360K)
 Metaspace       used 111849K, committed 113920K, reserved 1179648K
  class space    used 14854K, committed 15872K, reserved 1048576K
}
Event: 21.924 GC heap before
{Heap before GC invocations=48 (full 0):
 garbage-first heap   total 299008K, used 269295K [0x0000000080000000, 0x0000000100000000)
  region size 1024K, 113 young (115712K), 15 survivors (15360K)
 Metaspace       used 117033K, committed 119232K, reserved 1179648K
  class space    used 15620K, committed 16704K, reserved 1048576K
}
Event: 21.940 GC heap after
{Heap after GC invocations=49 (full 0):
 garbage-first heap   total 299008K, used 166845K [0x0000000080000000, 0x0000000100000000)
  region size 1024K, 8 young (8192K), 8 survivors (8192K)
 Metaspace       used 117033K, committed 119232K, reserved 1179648K
  class space    used 15620K, committed 16704K, reserved 1048576K
}

