# JRE version: OpenJDK Runtime Environment (21.0.5) (build 21.0.5+-12932927-b750.29)
# Java VM: OpenJDK 64-Bit Server VM (21.0.5+-12932927-b750.29, mixed mode, tiered, compressed oops, compressed class ptrs, g1 gc, windows-amd64)
GC Precious Log:
 CardTable entry size: 512
 Card Set container configuration: InlinePtr #cards 5 size 8 Array Of Cards #cards 12 size 40 Howl #buckets 4 coarsen threshold 1843 Howl Bitmap #cards 512 size 80 coarsen threshold 460 Card regions per heap region 1 cards per card region 2048
 CPUs: 8 total, 8 available
 Memory: 16159M
 Large Page Support: Disabled
 NUMA Support: Disabled
 Compressed Oops: Enabled (32-bit)
 Heap Region Size: 1M
 Heap Min Capacity: 8M
 Heap Initial Capacity: 254M
 Heap Max Capacity: 2G
 Pre-touch: Disabled
 Parallel Workers: 8
 Concurrent Workers: 2
 Concurrent Refinement Workers: 8
 Periodic GC: Disabled
Heap:
 garbage-first heap   total 344064K, used 158918K [0x0000000080000000, 0x0000000100000000)
  region size 1024K, 12 young (12288K), 12 survivors (12288K)
 Metaspace       used 118167K, committed 120448K, reserved 1179648K
  class space    used 15675K, committed 16832K, reserved 1048576K
GC Heap History (20 events):
Event: 122.586 GC heap after
{Heap after GC invocations=45 (full 0):
 garbage-first heap   total 276480K, used 156948K [0x0000000080000000, 0x0000000100000000)
  region size 1024K, 3 young (3072K), 3 survivors (3072K)
 Metaspace       used 118089K, committed 120384K, reserved 1179648K
  class space    used 15675K, committed 16832K, reserved 1048576K
}
Event: 122.743 GC heap before
{Heap before GC invocations=45 (full 0):
 garbage-first heap   total 276480K, used 256276K [0x0000000080000000, 0x0000000100000000)
  region size 1024K, 101 young (103424K), 3 survivors (3072K)
 Metaspace       used 118100K, committed 120384K, reserved 1179648K
  class space    used 15675K, committed 16832K, reserved 1048576K
}
Event: 122.746 GC heap after
{Heap after GC invocations=46 (full 0):
 garbage-first heap   total 344064K, used 158005K [0x0000000080000000, 0x0000000100000000)
  region size 1024K, 4 young (4096K), 4 survivors (4096K)
 Metaspace       used 118100K, committed 120384K, reserved 1179648K
  class space    used 15675K, committed 16832K, reserved 1048576K
}
Event: 123.035 GC heap before
{Heap before GC invocations=47 (full 0):
 garbage-first heap   total 344064K, used 320821K [0x0000000080000000, 0x0000000100000000)
  region size 1024K, 162 young (165888K), 4 survivors (4096K)
 Metaspace       used 118141K, committed 120384K, reserved 1179648K
  class space    used 15675K, committed 16832K, reserved 1048576K
}
Event: 123.038 GC heap after
{Heap after GC invocations=48 (full 0):
 garbage-first heap   total 344064K, used 159428K [0x0000000080000000, 0x0000000100000000)
  region size 1024K, 5 young (5120K), 5 survivors (5120K)
 Metaspace       used 118141K, committed 120384K, reserved 1179648K
  class space    used 15675K, committed 16832K, reserved 1048576K
}
Event: 123.203 GC heap before
{Heap before GC invocations=48 (full 0):
 garbage-first heap   total 344064K, used 318148K [0x0000000080000000, 0x0000000100000000)
  region size 1024K, 161 young (164864K), 5 survivors (5120K)
 Metaspace       used 118156K, committed 120448K, reserved 1179648K
  class space    used 15675K, committed 16832K, reserved 1048576K
}
Event: 123.207 GC heap after
{Heap after GC invocations=49 (full 0):
 garbage-first heap   total 344064K, used 156674K [0x0000000080000000, 0x0000000100000000)
  region size 1024K, 6 young (6144K), 6 survivors (6144K)
 Metaspace       used 118156K, committed 120448K, reserved 1179648K
  class space    used 15675K, committed 16832K, reserved 1048576K
}
Event: 123.246 GC heap before
{Heap before GC invocations=49 (full 0):
 garbage-first heap   total 344064K, used 193538K [0x0000000080000000, 0x0000000100000000)
  region size 1024K, 44 young (45056K), 6 survivors (6144K)
 Metaspace       used 118159K, committed 120448K, reserved 1179648K
  class space    used 15675K, committed 16832K, reserved 1048576K
}
Event: 123.249 GC heap after
{Heap after GC invocations=50 (full 0):
 garbage-first heap   total 344064K, used 157191K [0x0000000080000000, 0x0000000100000000)
  region size 1024K, 6 young (6144K), 6 survivors (6144K)
 Metaspace       used 118159K, committed 120448K, reserved 1179648K
  class space    used 15675K, committed 16832K, reserved 1048576K
}
Event: 123.483 GC heap before
{Heap before GC invocations=51 (full 0):
 garbage-first heap   total 344064K, used 322055K [0x0000000080000000, 0x0000000100000000)
  region size 1024K, 164 young (167936K), 6 survivors (6144K)
 Metaspace       used 118165K, committed 120448K, reserved 1179648K
  class space    used 15675K, committed 16832K, reserved 1048576K
}
Event: 123.486 GC heap after
{Heap after GC invocations=52 (full 0):
 garbage-first heap   total 344064K, used 156274K [0x0000000080000000, 0x0000000100000000)
  region size 1024K, 6 young (6144K), 6 survivors (6144K)
 Metaspace       used 118165K, committed 120448K, reserved 1179648K
  class space    used 15675K, committed 16832K, reserved 1048576K
}
Event: 123.669 GC heap before
{Heap before GC invocations=52 (full 0):
 garbage-first heap   total 344064K, used 317042K [0x0000000080000000, 0x0000000100000000)
  region size 1024K, 164 young (167936K), 6 survivors (6144K)
 Metaspace       used 118166K, committed 120448K, reserved 1179648K
  class space    used 15675K, committed 16832K, reserved 1048576K
}
Event: 123.675 GC heap after
{Heap after GC invocations=53 (full 0):
 garbage-first heap   total 344064K, used 154946K [0x0000000080000000, 0x0000000100000000)
  region size 1024K, 7 young (7168K), 7 survivors (7168K)
 Metaspace       used 118166K, committed 120448K, reserved 1179648K
  class space    used 15675K, committed 16832K, reserved 1048576K
}
Event: 123.843 GC heap before
{Heap before GC invocations=53 (full 0):
 garbage-first heap   total 344064K, used 316738K [0x0000000080000000, 0x0000000100000000)
  region size 1024K, 165 young (168960K), 7 survivors (7168K)
 Metaspace       used 118167K, committed 120448K, reserved 1179648K
  class space    used 15675K, committed 16832K, reserved 1048576K
}
Event: 123.847 GC heap after
{Heap after GC invocations=54 (full 0):
 garbage-first heap   total 344064K, used 156383K [0x0000000080000000, 0x0000000100000000)
  region size 1024K, 8 young (8192K), 8 survivors (8192K)
 Metaspace       used 118167K, committed 120448K, reserved 1179648K
  class space    used 15675K, committed 16832K, reserved 1048576K
}
Event: 124.029 GC heap before
{Heap before GC invocations=55 (full 0):
 garbage-first heap   total 344064K, used 316127K [0x0000000080000000, 0x0000000100000000)
  region size 1024K, 164 young (167936K), 8 survivors (8192K)
 Metaspace       used 118167K, committed 120448K, reserved 1179648K
  class space    used 15675K, committed 16832K, reserved 1048576K
}
Event: 124.033 GC heap after
{Heap after GC invocations=56 (full 0):
 garbage-first heap   total 344064K, used 157080K [0x0000000080000000, 0x0000000100000000)
  region size 1024K, 9 young (9216K), 9 survivors (9216K)
 Metaspace       used 118167K, committed 120448K, reserved 1179648K
  class space    used 15675K, committed 16832K, reserved 1048576K
}
Event: 124.137 GC heap before
{Heap before GC invocations=56 (full 0):
 garbage-first heap   total 344064K, used 314776K [0x0000000080000000, 0x0000000100000000)
  region size 1024K, 163 young (166912K), 9 survivors (9216K)
 Metaspace       used 118167K, committed 120448K, reserved 1179648K
  class space    used 15675K, committed 16832K, reserved 1048576K
}
Event: 124.143 GC heap after
{Heap after GC invocations=57 (full 0):
 garbage-first heap   total 344064K, used 158489K [0x0000000080000000, 0x0000000100000000)
  region size 1024K, 11 young (11264K), 11 survivors (11264K)
 Metaspace       used 118167K, committed 120448K, reserved 1179648K
  class space    used 15675K, committed 16832K, reserved 1048576K
}
Event: 124.263 GC heap before
{Heap before GC invocations=57 (full 0):
 garbage-first heap   total 344064K, used 314137K [0x0000000080000000, 0x0000000100000000)
  region size 1024K, 163 young (166912K), 11 survivors (11264K)
 Metaspace       used 118167K, committed 120448K, reserved 1179648K
  class space    used 15675K, committed 16832K, reserved 1048576K
}

