# JRE version: OpenJDK Runtime Environment (21.0.5) (build 21.0.5+-12932927-b750.29)
# Java VM: OpenJDK 64-Bit Server VM (21.0.5+-12932927-b750.29, mixed mode, tiered, compressed oops, compressed class ptrs, g1 gc, windows-amd64)
GC Precious Log:
 CardTable entry size: 512
 Card Set container configuration: InlinePtr #cards 5 size 8 Array Of Cards #cards 12 size 40 Howl #buckets 4 coarsen threshold 1843 Howl Bitmap #cards 512 size 80 coarsen threshold 460 Card regions per heap region 1 cards per card region 2048
 CPUs: 8 total, 8 available
 Memory: 16159M
 Large Page Support: Disabled
 NUMA Support: Disabled
 Compressed Oops: Enabled (32-bit)
 Heap Region Size: 1M
 Heap Min Capacity: 8M
 Heap Initial Capacity: 254M
 Heap Max Capacity: 2G
 Pre-touch: Disabled
 Parallel Workers: 8
 Concurrent Workers: 2
 Concurrent Refinement Workers: 8
 Periodic GC: Disabled
Heap:
 garbage-first heap   total 411648K, used 374496K [0x0000000080000000, 0x0000000100000000)
  region size 1024K, 168 young (172032K), 27 survivors (27648K)
 Metaspace       used 137649K, committed 139776K, reserved 1179648K
  class space    used 18317K, committed 19392K, reserved 1048576K
GC Heap History (20 events):
Event: 20.895 GC heap after
{Heap after GC invocations=57 (full 0):
 garbage-first heap   total 312320K, used 156784K [0x0000000080000000, 0x0000000100000000)
  region size 1024K, 16 young (16384K), 16 survivors (16384K)
 Metaspace       used 133746K, committed 135936K, reserved 1179648K
  class space    used 17903K, committed 19008K, reserved 1048576K
}
Event: 21.233 GC heap before
{Heap before GC invocations=58 (full 0):
 garbage-first heap   total 312320K, used 275568K [0x0000000080000000, 0x0000000100000000)
  region size 1024K, 135 young (138240K), 16 survivors (16384K)
 Metaspace       used 133923K, committed 136128K, reserved 1179648K
  class space    used 17909K, committed 19008K, reserved 1048576K
}
Event: 21.240 GC heap after
{Heap after GC invocations=59 (full 0):
 garbage-first heap   total 312320K, used 154305K [0x0000000080000000, 0x0000000100000000)
  region size 1024K, 2 young (2048K), 2 survivors (2048K)
 Metaspace       used 133923K, committed 136128K, reserved 1179648K
  class space    used 17909K, committed 19008K, reserved 1048576K
}
Event: 21.457 GC heap before
{Heap before GC invocations=59 (full 0):
 garbage-first heap   total 312320K, used 287425K [0x0000000080000000, 0x0000000100000000)
  region size 1024K, 132 young (135168K), 2 survivors (2048K)
 Metaspace       used 134089K, committed 136256K, reserved 1179648K
  class space    used 17935K, committed 19008K, reserved 1048576K
}
Event: 21.462 GC heap after
{Heap after GC invocations=60 (full 0):
 garbage-first heap   total 312320K, used 148751K [0x0000000080000000, 0x0000000100000000)
  region size 1024K, 3 young (3072K), 3 survivors (3072K)
 Metaspace       used 134089K, committed 136256K, reserved 1179648K
  class space    used 17935K, committed 19008K, reserved 1048576K
}
Event: 21.639 GC heap before
{Heap before GC invocations=60 (full 0):
 garbage-first heap   total 312320K, used 288015K [0x0000000080000000, 0x0000000100000000)
  region size 1024K, 140 young (143360K), 3 survivors (3072K)
 Metaspace       used 134262K, committed 136448K, reserved 1179648K
  class space    used 17935K, committed 19008K, reserved 1048576K
}
Event: 21.642 GC heap after
{Heap after GC invocations=61 (full 0):
 garbage-first heap   total 312320K, used 148484K [0x0000000080000000, 0x0000000100000000)
  region size 1024K, 3 young (3072K), 3 survivors (3072K)
 Metaspace       used 134262K, committed 136448K, reserved 1179648K
  class space    used 17935K, committed 19008K, reserved 1048576K
}
Event: 21.917 GC heap before
{Heap before GC invocations=62 (full 0):
 garbage-first heap   total 312320K, used 290820K [0x0000000080000000, 0x0000000100000000)
  region size 1024K, 143 young (146432K), 3 survivors (3072K)
 Metaspace       used 134411K, committed 136576K, reserved 1179648K
  class space    used 17931K, committed 19008K, reserved 1048576K
}
Event: 21.922 GC heap after
{Heap after GC invocations=63 (full 0):
 garbage-first heap   total 374784K, used 149669K [0x0000000080000000, 0x0000000100000000)
  region size 1024K, 4 young (4096K), 4 survivors (4096K)
 Metaspace       used 134411K, committed 136576K, reserved 1179648K
  class space    used 17931K, committed 19008K, reserved 1048576K
}
Event: 22.244 GC heap before
{Heap before GC invocations=63 (full 0):
 garbage-first heap   total 374784K, used 349349K [0x0000000080000000, 0x0000000100000000)
  region size 1024K, 200 young (204800K), 4 survivors (4096K)
 Metaspace       used 134711K, committed 136896K, reserved 1179648K
  class space    used 17954K, committed 19072K, reserved 1048576K
}
Event: 22.253 GC heap after
{Heap after GC invocations=64 (full 0):
 garbage-first heap   total 374784K, used 142419K [0x0000000080000000, 0x0000000100000000)
  region size 1024K, 6 young (6144K), 6 survivors (6144K)
 Metaspace       used 134711K, committed 136896K, reserved 1179648K
  class space    used 17954K, committed 19072K, reserved 1048576K
}
Event: 22.530 GC heap before
{Heap before GC invocations=64 (full 0):
 garbage-first heap   total 374784K, used 348243K [0x0000000080000000, 0x0000000100000000)
  region size 1024K, 207 young (211968K), 6 survivors (6144K)
 Metaspace       used 135008K, committed 137216K, reserved 1179648K
  class space    used 17993K, committed 19072K, reserved 1048576K
}
Event: 22.536 GC heap after
{Heap after GC invocations=65 (full 0):
 garbage-first heap   total 374784K, used 144300K [0x0000000080000000, 0x0000000100000000)
  region size 1024K, 8 young (8192K), 8 survivors (8192K)
 Metaspace       used 135008K, committed 137216K, reserved 1179648K
  class space    used 17993K, committed 19072K, reserved 1048576K
}
Event: 23.041 GC heap before
{Heap before GC invocations=66 (full 0):
 garbage-first heap   total 374784K, used 347052K [0x0000000080000000, 0x0000000100000000)
  region size 1024K, 205 young (209920K), 8 survivors (8192K)
 Metaspace       used 135687K, committed 137856K, reserved 1179648K
  class space    used 18046K, committed 19136K, reserved 1048576K
}
Event: 23.046 GC heap after
{Heap after GC invocations=67 (full 0):
 garbage-first heap   total 374784K, used 142825K [0x0000000080000000, 0x0000000100000000)
  region size 1024K, 6 young (6144K), 6 survivors (6144K)
 Metaspace       used 135687K, committed 137856K, reserved 1179648K
  class space    used 18046K, committed 19136K, reserved 1048576K
}
Event: 23.835 GC heap before
{Heap before GC invocations=67 (full 0):
 garbage-first heap   total 374784K, used 347625K [0x0000000080000000, 0x0000000100000000)
  region size 1024K, 207 young (211968K), 6 survivors (6144K)
 Metaspace       used 136753K, committed 138944K, reserved 1179648K
  class space    used 18173K, committed 19264K, reserved 1048576K
}
Event: 23.843 GC heap after
{Heap after GC invocations=68 (full 0):
 garbage-first heap   total 374784K, used 140195K [0x0000000080000000, 0x0000000100000000)
  region size 1024K, 9 young (9216K), 9 survivors (9216K)
 Metaspace       used 136753K, committed 138944K, reserved 1179648K
  class space    used 18173K, committed 19264K, reserved 1048576K
}
Event: 24.275 GC heap before
{Heap before GC invocations=68 (full 0):
 garbage-first heap   total 374784K, used 208803K [0x0000000080000000, 0x0000000100000000)
  region size 1024K, 78 young (79872K), 9 survivors (9216K)
 Metaspace       used 137131K, committed 139328K, reserved 1179648K
  class space    used 18242K, committed 19328K, reserved 1048576K
}
Event: 24.280 GC heap after
{Heap after GC invocations=69 (full 0):
 garbage-first heap   total 374784K, used 141024K [0x0000000080000000, 0x0000000100000000)
  region size 1024K, 10 young (10240K), 10 survivors (10240K)
 Metaspace       used 137131K, committed 139328K, reserved 1179648K
  class space    used 18242K, committed 19328K, reserved 1048576K
}
Event: 25.010 GC heap before
{Heap before GC invocations=70 (full 0):
 garbage-first heap   total 374784K, used 373472K [0x0000000080000000, 0x0000000100000000)
  region size 1024K, 151 young (154624K), 10 survivors (10240K)
 Metaspace       used 137649K, committed 139776K, reserved 1179648K
  class space    used 18317K, committed 19392K, reserved 1048576K
}

