# JRE version: OpenJDK Runtime Environment (21.0.5) (build 21.0.5+-12932927-b750.29)
# Java VM: OpenJDK 64-Bit Server VM (21.0.5+-12932927-b750.29, mixed mode, tiered, compressed oops, compressed class ptrs, g1 gc, windows-amd64)
GC Precious Log:
 CardTable entry size: 512
 Card Set container configuration: InlinePtr #cards 5 size 8 Array Of Cards #cards 12 size 40 Howl #buckets 4 coarsen threshold 1843 Howl Bitmap #cards 512 size 80 coarsen threshold 460 Card regions per heap region 1 cards per card region 2048
 CPUs: 8 total, 8 available
 Memory: 16159M
 Large Page Support: Disabled
 NUMA Support: Disabled
 Compressed Oops: Enabled (32-bit)
 Heap Region Size: 1M
 Heap Min Capacity: 8M
 Heap Initial Capacity: 254M
 Heap Max Capacity: 2G
 Pre-touch: Disabled
 Parallel Workers: 8
 Concurrent Workers: 2
 Concurrent Refinement Workers: 8
 Periodic GC: Disabled
Heap:
 garbage-first heap   total 395264K, used 333312K [0x0000000080000000, 0x0000000100000000)
  region size 1024K, 9 young (9216K), 8 survivors (8192K)
 Metaspace       used 133398K, committed 135744K, reserved 1179648K
  class space    used 17947K, committed 19136K, reserved 1048576K
GC Heap History (20 events):
Event: 116.035 GC heap before
{Heap before GC invocations=41 (full 0):
 garbage-first heap   total 258048K, used 236556K [0x0000000080000000, 0x0000000100000000)
  region size 1024K, 83 young (84992K), 5 survivors (5120K)
 Metaspace       used 121089K, committed 123328K, reserved 1179648K
  class space    used 16100K, committed 17216K, reserved 1048576K
}
Event: 116.047 GC heap after
{Heap after GC invocations=42 (full 0):
 garbage-first heap   total 258048K, used 164149K [0x0000000080000000, 0x0000000100000000)
  region size 1024K, 11 young (11264K), 11 survivors (11264K)
 Metaspace       used 121089K, committed 123328K, reserved 1179648K
  class space    used 16100K, committed 17216K, reserved 1048576K
}
Event: 116.201 GC heap before
{Heap before GC invocations=42 (full 0):
 garbage-first heap   total 258048K, used 187701K [0x0000000080000000, 0x0000000100000000)
  region size 1024K, 36 young (36864K), 11 survivors (11264K)
 Metaspace       used 121119K, committed 123328K, reserved 1179648K
  class space    used 16101K, committed 17216K, reserved 1048576K
}
Event: 116.210 GC heap after
{Heap after GC invocations=43 (full 0):
 garbage-first heap   total 258048K, used 169018K [0x0000000080000000, 0x0000000100000000)
  region size 1024K, 5 young (5120K), 5 survivors (5120K)
 Metaspace       used 121119K, committed 123328K, reserved 1179648K
  class space    used 16101K, committed 17216K, reserved 1048576K
}
Event: 116.681 GC heap before
{Heap before GC invocations=44 (full 0):
 garbage-first heap   total 285696K, used 237626K [0x0000000080000000, 0x0000000100000000)
  region size 1024K, 71 young (72704K), 5 survivors (5120K)
 Metaspace       used 121427K, committed 123776K, reserved 1179648K
  class space    used 16145K, committed 17344K, reserved 1048576K
}
Event: 116.687 GC heap after
{Heap after GC invocations=45 (full 0):
 garbage-first heap   total 285696K, used 174755K [0x0000000080000000, 0x0000000100000000)
  region size 1024K, 9 young (9216K), 9 survivors (9216K)
 Metaspace       used 121427K, committed 123776K, reserved 1179648K
  class space    used 16145K, committed 17344K, reserved 1048576K
}
Event: 117.015 GC heap before
{Heap before GC invocations=45 (full 0):
 garbage-first heap   total 285696K, used 258723K [0x0000000080000000, 0x0000000100000000)
  region size 1024K, 92 young (94208K), 9 survivors (9216K)
 Metaspace       used 122939K, committed 125312K, reserved 1179648K
  class space    used 16377K, committed 17600K, reserved 1048576K
}
Event: 117.023 GC heap after
{Heap after GC invocations=46 (full 0):
 garbage-first heap   total 285696K, used 178299K [0x0000000080000000, 0x0000000100000000)
  region size 1024K, 6 young (6144K), 6 survivors (6144K)
 Metaspace       used 122939K, committed 125312K, reserved 1179648K
  class space    used 16377K, committed 17600K, reserved 1048576K
}
Event: 117.296 GC heap before
{Heap before GC invocations=46 (full 0):
 garbage-first heap   total 285696K, used 261243K [0x0000000080000000, 0x0000000100000000)
  region size 1024K, 88 young (90112K), 6 survivors (6144K)
 Metaspace       used 125447K, committed 127808K, reserved 1179648K
  class space    used 16697K, committed 17920K, reserved 1048576K
}
Event: 117.302 GC heap after
{Heap after GC invocations=47 (full 0):
 garbage-first heap   total 285696K, used 179393K [0x0000000080000000, 0x0000000100000000)
  region size 1024K, 9 young (9216K), 9 survivors (9216K)
 Metaspace       used 125447K, committed 127808K, reserved 1179648K
  class space    used 16697K, committed 17920K, reserved 1048576K
}
Event: 117.395 GC heap before
{Heap before GC invocations=47 (full 0):
 garbage-first heap   total 285696K, used 196801K [0x0000000080000000, 0x0000000100000000)
  region size 1024K, 28 young (28672K), 9 survivors (9216K)
 Metaspace       used 126045K, committed 128384K, reserved 1179648K
  class space    used 16766K, committed 17984K, reserved 1048576K
}
Event: 117.401 GC heap after
{Heap after GC invocations=48 (full 0):
 garbage-first heap   total 343040K, used 180600K [0x0000000080000000, 0x0000000100000000)
  region size 1024K, 7 young (7168K), 7 survivors (7168K)
 Metaspace       used 126045K, committed 128384K, reserved 1179648K
  class space    used 16766K, committed 17984K, reserved 1048576K
}
Event: 117.970 GC heap before
{Heap before GC invocations=49 (full 0):
 garbage-first heap   total 343040K, used 341368K [0x0000000080000000, 0x0000000100000000)
  region size 1024K, 85 young (87040K), 7 survivors (7168K)
 Metaspace       used 130242K, committed 132672K, reserved 1179648K
  class space    used 17341K, committed 18560K, reserved 1048576K
}
Event: 117.980 GC heap after
{Heap after GC invocations=50 (full 0):
 garbage-first heap   total 373760K, used 251352K [0x0000000080000000, 0x0000000100000000)
  region size 1024K, 17 young (17408K), 17 survivors (17408K)
 Metaspace       used 130242K, committed 132672K, reserved 1179648K
  class space    used 17341K, committed 18560K, reserved 1048576K
}
Event: 118.548 GC heap before
{Heap before GC invocations=50 (full 0):
 garbage-first heap   total 373760K, used 342488K [0x0000000080000000, 0x0000000100000000)
  region size 1024K, 100 young (102400K), 17 survivors (17408K)
 Metaspace       used 130478K, committed 132864K, reserved 1179648K
  class space    used 17379K, committed 18560K, reserved 1048576K
}
Event: 118.577 GC heap after
{Heap after GC invocations=51 (full 0):
 garbage-first heap   total 395264K, used 283899K [0x0000000080000000, 0x0000000100000000)
  region size 1024K, 13 young (13312K), 13 survivors (13312K)
 Metaspace       used 130478K, committed 132864K, reserved 1179648K
  class space    used 17379K, committed 18560K, reserved 1048576K
}
Event: 118.906 GC heap before
{Heap before GC invocations=51 (full 0):
 garbage-first heap   total 395264K, used 350459K [0x0000000080000000, 0x0000000100000000)
  region size 1024K, 79 young (80896K), 13 survivors (13312K)
 Metaspace       used 133312K, committed 135680K, reserved 1179648K
  class space    used 17944K, committed 19136K, reserved 1048576K
}
Event: 118.938 GC heap after
{Heap after GC invocations=52 (full 0):
 garbage-first heap   total 395264K, used 309760K [0x0000000080000000, 0x0000000100000000)
  region size 1024K, 10 young (10240K), 10 survivors (10240K)
 Metaspace       used 133312K, committed 135680K, reserved 1179648K
  class space    used 17944K, committed 19136K, reserved 1048576K
}
Event: 119.097 GC heap before
{Heap before GC invocations=52 (full 0):
 garbage-first heap   total 395264K, used 357888K [0x0000000080000000, 0x0000000100000000)
  region size 1024K, 58 young (59392K), 10 survivors (10240K)
 Metaspace       used 133398K, committed 135744K, reserved 1179648K
  class space    used 17947K, committed 19136K, reserved 1048576K
}
Event: 119.123 GC heap after
{Heap after GC invocations=53 (full 0):
 garbage-first heap   total 395264K, used 335360K [0x0000000080000000, 0x0000000100000000)
  region size 1024K, 8 young (8192K), 8 survivors (8192K)
 Metaspace       used 133398K, committed 135744K, reserved 1179648K
  class space    used 17947K, committed 19136K, reserved 1048576K
}

